#
# There is insufficient memory for the Java Runtime Environment to continue.
# Native memory allocation (mmap) failed to map 260046848 bytes for Failed to commit area from 0x0000000709800000 to 0x0000000719000000 of length 260046848.
# Possible reasons:
#   The system is out of physical RAM or swap space
#   The process is running with CompressedOops enabled, and the Java Heap may be blocking the growth of the native heap
# Possible solutions:
#   Reduce memory load on the system
#   Increase physical memory or swap space
#   Check if swap backing store is full
#   Decrease Java heap size (-Xmx/-Xms)
#   Decrease number of Java threads
#   Decrease Java thread stack sizes (-Xss)
#   Set larger code cache with -XX:ReservedCodeCacheSize=
# This output file may be truncated or incomplete.
#
#  Out of Memory Error (src/hotspot/os/windows/os_windows.cpp:3627), pid=1828, tid=12128
#
# JRE version:  (11.0.15) (build )
# Java VM: OpenJDK 64-Bit Server VM (11.0.15+0-b2043.56-9505619, mixed mode, sharing, tiered, compressed oops, g1 gc, windows-amd64)
# No core dump will be written. Minidumps are not enabled by default on client versions of Windows
#

---------------  S U M M A R Y ------------

Command Line: git4idea.http.GitAskPassApp Username for 'https://github.com': 

Host: AMD Ryzen 5 5600H with Radeon Graphics         , 12 cores, 15G,  Windows 11 , 64 bit Build 22621 (10.0.22621.1635)
Time: Fri May  5 01:17:47 2023 SE Asia Standard Time elapsed time: 0.012491 seconds (0d 0h 0m 0s)

---------------  T H R E A D  ---------------

Current thread (0x000001965fcb3800):  JavaThread "Unknown thread" [_thread_in_vm, id=12128, stack(0x0000006130400000,0x0000006130500000)]

Stack: [0x0000006130400000,0x0000006130500000]
Native frames: (J=compiled Java code, j=interpreted, Vv=VM code, C=native code)
V  [jvm.dll+0x64135a]
V  [jvm.dll+0x7d39f9]
V  [jvm.dll+0x7d51b9]
V  [jvm.dll+0x7d58a3]
V  [jvm.dll+0x2691c5]
V  [jvm.dll+0x63e4e9]
V  [jvm.dll+0x632985]
V  [jvm.dll+0x3231ac]
V  [jvm.dll+0x323032]
V  [jvm.dll+0x327c06]
V  [jvm.dll+0x36ffa2]
V  [jvm.dll+0x36fa01]
V  [jvm.dll+0x2fea28]
V  [jvm.dll+0x2ffb25]
V  [jvm.dll+0x7accd7]
V  [jvm.dll+0x7ae49f]
V  [jvm.dll+0x37d299]
V  [jvm.dll+0x78ef9f]
V  [jvm.dll+0x3ec847]
V  [jvm.dll+0x3eed31]
C  [jli.dll+0x52cb]
C  [ucrtbase.dll+0x29363]
C  [KERNEL32.DLL+0x126ad]
C  [ntdll.dll+0x5a9f8]


---------------  P R O C E S S  ---------------

Threads class SMR info:
_java_thread_list=0x000001965da442a0, length=0, elements={
}

Java Threads: ( => current thread )

Other Threads:
  0x000001965fcce000 GCTaskThread "GC Thread#0" [stack: 0x0000006130500000,0x0000006130600000] [id=17392]
  0x000001965fd28000 ConcurrentGCThread "G1 Main Marker" [stack: 0x0000006130600000,0x0000006130700000] [id=21048]
  0x000001965fd2a000 ConcurrentGCThread "G1 Conc#0" [stack: 0x0000006130700000,0x0000006130800000] [id=20056]

[error occurred during error reporting (printing all threads), id 0xc0000005, EXCEPTION_ACCESS_VIOLATION (0xc0000005) at pc=0x00007ffb3c0af3e7]

VM state:not at safepoint (not fully initialized)

VM Mutex/Monitor currently owned by a thread:  ([mutex/lock_event])
[0x000001965fcb24e0] Heap_lock - owner thread: 0x000001965fcb3800

Heap address: 0x0000000709800000, size: 3944 MB, Compressed Oops mode: Non-zero based: 0x0000000709800000
Narrow klass base: 0x0000000000000000, Narrow klass shift: 0

GC Heap History (0 events):
No events

Deoptimization events (0 events):
No events

Classes redefined (0 events):
No events

Internal exceptions (0 events):
No events

Events (1 events):
Event: 0.008 Loaded shared library D:\program files\android\android studio\jbr\bin\zip.dll


Dynamic libraries:
0x00007ff7d8280000 - 0x00007ff7d828a000 	D:\program files\android\android studio\jbr\bin\java.exe
0x00007ffbc3870000 - 0x00007ffbc3a84000 	C:\WINDOWS\SYSTEM32\ntdll.dll
0x00007ffbc2fd0000 - 0x00007ffbc3092000 	C:\WINDOWS\System32\KERNEL32.DLL
0x00007ffbc0ff0000 - 0x00007ffbc1393000 	C:\WINDOWS\System32\KERNELBASE.dll
0x00007ffbc0c90000 - 0x00007ffbc0da1000 	C:\WINDOWS\System32\ucrtbase.dll
0x00007ffb9ea30000 - 0x00007ffb9ea47000 	D:\program files\android\android studio\jbr\bin\jli.dll
0x00007ffb99100000 - 0x00007ffb9911b000 	D:\program files\android\android studio\jbr\bin\VCRUNTIME140.dll
0x00007ffbc3180000 - 0x00007ffbc332b000 	C:\WINDOWS\System32\USER32.dll
0x00007ffbb9140000 - 0x00007ffbb93ce000 	C:\WINDOWS\WinSxS\amd64_microsoft.windows.common-controls_6595b64144ccf1df_6.0.22621.1635_none_270f70857386168e\COMCTL32.dll
0x00007ffbc0e20000 - 0x00007ffbc0e46000 	C:\WINDOWS\System32\win32u.dll
0x00007ffbc2b60000 - 0x00007ffbc2c07000 	C:\WINDOWS\System32\msvcrt.dll
0x00007ffbc3630000 - 0x00007ffbc3659000 	C:\WINDOWS\System32\GDI32.dll
0x00007ffbc0e50000 - 0x00007ffbc0f68000 	C:\WINDOWS\System32\gdi32full.dll
0x00007ffbc1460000 - 0x00007ffbc14fa000 	C:\WINDOWS\System32\msvcp_win.dll
0x00007ffbc30c0000 - 0x00007ffbc30f1000 	C:\WINDOWS\System32\IMM32.DLL
0x00007ffba6750000 - 0x00007ffba675c000 	D:\program files\android\android studio\jbr\bin\vcruntime140_1.dll
0x00007ffb4d830000 - 0x00007ffb4d8bd000 	D:\program files\android\android studio\jbr\bin\msvcp140.dll
0x00007ffb3bda0000 - 0x00007ffb3c95c000 	D:\program files\android\android studio\jbr\bin\server\jvm.dll
0x00007ffbc1a00000 - 0x00007ffbc1aae000 	C:\WINDOWS\System32\ADVAPI32.dll
0x00007ffbc2d30000 - 0x00007ffbc2dd4000 	C:\WINDOWS\System32\sechost.dll
0x00007ffbc2890000 - 0x00007ffbc29a7000 	C:\WINDOWS\System32\RPCRT4.dll
0x00007ffbc3820000 - 0x00007ffbc3828000 	C:\WINDOWS\System32\PSAPI.DLL
0x00007ffbbb2e0000 - 0x00007ffbbb2e9000 	C:\WINDOWS\SYSTEM32\WSOCK32.dll
0x00007ffbb9070000 - 0x00007ffbb907a000 	C:\WINDOWS\SYSTEM32\VERSION.dll
0x00007ffbb9c80000 - 0x00007ffbb9cb4000 	C:\WINDOWS\SYSTEM32\WINMM.dll
0x00007ffbc2810000 - 0x00007ffbc2881000 	C:\WINDOWS\System32\WS2_32.dll
0x00007ffbbfd90000 - 0x00007ffbbfda8000 	C:\WINDOWS\SYSTEM32\kernel.appcore.dll
0x00007ffbbb2d0000 - 0x00007ffbbb2e0000 	D:\program files\android\android studio\jbr\bin\verify.dll
0x00007ffbbe560000 - 0x00007ffbbe78e000 	C:\WINDOWS\SYSTEM32\DBGHELP.DLL
0x00007ffbc1670000 - 0x00007ffbc19f9000 	C:\WINDOWS\System32\combase.dll
0x00007ffbc33b0000 - 0x00007ffbc3487000 	C:\WINDOWS\System32\OLEAUT32.dll
0x00007ffbb5fe0000 - 0x00007ffbb6012000 	C:\WINDOWS\SYSTEM32\dbgcore.DLL
0x00007ffbc0f70000 - 0x00007ffbc0feb000 	C:\WINDOWS\System32\bcryptPrimitives.dll
0x00007ffbbb2a0000 - 0x00007ffbbb2c8000 	D:\program files\android\android studio\jbr\bin\java.dll
0x00007ffbbb250000 - 0x00007ffbbb25a000 	D:\program files\android\android studio\jbr\bin\jimage.dll
0x00007ffbb6f90000 - 0x00007ffbb6fa8000 	D:\program files\android\android studio\jbr\bin\zip.dll

dbghelp: loaded successfully - version: 4.0.5 - missing functions: none
symbol engine: initialized successfully - sym options: 0x614 - pdb path: .;D:\program files\android\android studio\jbr\bin;C:\WINDOWS\SYSTEM32;C:\WINDOWS\WinSxS\amd64_microsoft.windows.common-controls_6595b64144ccf1df_6.0.22621.1635_none_270f70857386168e;D:\program files\android\android studio\jbr\bin\server

VM Arguments:
java_command: git4idea.http.GitAskPassApp Username for 'https://github.com': 
java_class_path (initial): D:/Program Files/Android/Android Studio/plugins/git4idea/lib/git4idea-rt.jar;D:/program files/android/android studio/lib/externalProcess-rt.jar;D:/program files/android/android studio/lib/app.jar;D:/program files/android/android studio/lib/3rd-party-rt.jar
Launcher Type: SUN_STANDARD

[Global flags]
     intx CICompilerCount                          = 4                                         {product} {ergonomic}
     uint ConcGCThreads                            = 3                                         {product} {ergonomic}
     uint G1ConcRefinementThreads                  = 10                                        {product} {ergonomic}
   size_t G1HeapRegionSize                         = 1048576                                   {product} {ergonomic}
    uintx GCDrainStackTargetSize                   = 64                                        {product} {ergonomic}
   size_t InitialHeapSize                          = 260046848                                 {product} {ergonomic}
   size_t MarkStackSize                            = 4194304                                   {product} {ergonomic}
   size_t MaxHeapSize                              = 4135583744                                {product} {ergonomic}
   size_t MinHeapDeltaBytes                        = 1048576                                   {product} {ergonomic}
    uintx NonNMethodCodeHeapSize                   = 5836300                                {pd product} {ergonomic}
    uintx NonProfiledCodeHeapSize                  = 122910970                              {pd product} {ergonomic}
    uintx ProfiledCodeHeapSize                     = 122910970                              {pd product} {ergonomic}
    uintx ReservedCodeCacheSize                    = 251658240                              {pd product} {ergonomic}
     bool SegmentedCodeCache                       = true                                      {product} {ergonomic}
     bool UseCompressedClassPointers               = true                                 {lp64_product} {ergonomic}
     bool UseCompressedOops                        = true                                 {lp64_product} {ergonomic}
     bool UseG1GC                                  = true                                      {product} {ergonomic}
     bool UseLargePagesIndividualAllocation        = false                                  {pd product} {ergonomic}

Logging:
Log output configuration:
 #0: stdout all=warning uptime,level,tags
 #1: stderr all=off uptime,level,tags

Environment Variables:
PATH=C:\Program Files\Git\mingw64\libexec\git-core;C:\Program Files\Git\mingw64\libexec\git-core;C:\Program Files\Git\mingw64\bin;C:\Program Files\Git\usr\bin;C:\Users\T1st\bin;C:\Program Files\Microsoft\jdk-11.0.16.101-hotspot\bin;C:\ProgramData\Oracle\Java\javapath;C:\Program Files (x86)\Common Files\Intel\Shared Libraries\redist\intel64\compiler;C:\Windows\system32;C:\Windows;C:\Windows\System32\Wbem;C:\Windows\System32\WindowsPowerShell\v1.0;C:\Windows\System32\OpenSSH;C:\Program Files (x86)\NVIDIA Corporation\PhysX\Common;C:\Program Files\NVIDIA Corporation\NVIDIA NvDLISR;C:\Program Files\dotnet;C:\Program Files\Microsoft SQL Server\150\Tools\Binn;C:\Program Files\Microsoft SQL Server\Client SDK\ODBC\170\Tools\Binn;C:\WINDOWS\system32;C:\WINDOWS;C:\WINDOWS\System32\Wbem;C:\WINDOWS\System32\WindowsPowerShell\v1.0;C:\WINDOWS\System32\OpenSSH;C:\Users\T1st\AppData\Local\Microsoft\WindowsApps;D:\JetBrains\JetBrains Rider 2022.1.2\bin;D:\Microsoft VS Code\bin;C:\Users\T1st\AppData\Local\GitHubDesktop\bin;C:\ProgramData\T1st\GitHubDesktop\bin;C:\Program Files\dotnet\sdk\7.0.100;C:\Users\T1st\.dotnet\tools;C:\adb;C:\Program Files\nodejs;C:\Program Files\Git\cmd;C:\Users\T1st\AppData\Local\pnpm;C:\Users\T1st\AppData\Local\Microsoft\WindowsApps;D:\JetBrains\JetBrains Rider 2022.1.2\bin;D:\Microsoft VS Code\bin;C:\Users\T1st\AppData\Local\GitHubDesktop\bin;C:\ProgramData\T1st\GitHubDesktop\bin;C:\Program Files\dotnet\sdk\7.0.100;C:\Users\T1st\.dotnet\tools;C:\Users\T1st\AppData\Roaming\npm
USERNAME=T1st
DISPLAY=:0.0
LC_ALL=en_US.UTF-8
OS=Windows_NT
PROCESSOR_IDENTIFIER=AMD64 Family 25 Model 80 Stepping 0, AuthenticAMD



---------------  S Y S T E M  ---------------

OS: Windows 11 , 64 bit Build 22621 (10.0.22621.1635)
OS uptime: 1 days 0:37 hours
Hyper-V role detected

CPU:total 12 (initial active 12) (12 cores per cpu, 2 threads per core) family 25 model 80 stepping 0 microcode 0x0, cmov, cx8, fxsr, mmx, sse, sse2, sse3, ssse3, sse4.1, sse4.2, popcnt, avx, avx2, aes, clmul, erms, mmxext, 3dnowpref, lzcnt, sse4a, ht, tsc, tscinvbit, tscinv, bmi1, bmi2, adx, sha, fma

Memory: 4k page, system-wide physical 15775M (965M free)
TotalPageFile size 23967M (AvailPageFile size 47M)
current process WorkingSet (physical memory assigned to process): 11M, peak: 11M
current process commit charge ("private bytes"): 64M, peak: 312M

vm_info: OpenJDK 64-Bit Server VM (11.0.15+0-b2043.56-9505619) for windows-amd64 JRE (11.0.15+0-b2043.56-9505619), built on Jan 19 2023 02:48:00 by "builduser" with unknown MS VC++:1929

END.
